2019-08-18 14:58:53.107  INFO 3528 --- [main] com.yuntian.redis.RedisApplication       : Starting RedisApplication on USER-20190130ZS with PID 3528 (F:\IT\java\work\middleware\redis\target\classes started by Administrator in F:\IT\java\work\middleware)
2019-08-18 14:58:53.110  INFO 3528 --- [main] com.yuntian.redis.RedisApplication       : The following profiles are active: test
2019-08-18 14:58:53.600  INFO 3528 --- [main] .s.d.r.c.RepositoryConfigurationDelegate : Multiple Spring Data modules found, entering strict repository configuration mode!
2019-08-18 14:58:53.601  INFO 3528 --- [main] .s.d.r.c.RepositoryConfigurationDelegate : Bootstrapping Spring Data repositories in DEFAULT mode.
2019-08-18 14:58:53.622  INFO 3528 --- [main] .s.d.r.c.RepositoryConfigurationDelegate : Finished Spring Data repository scanning in 11ms. Found 0 repository interfaces.
2019-08-18 14:58:53.970  INFO 3528 --- [main] o.s.b.w.embedded.tomcat.TomcatWebServer  : Tomcat initialized with port(s): 9091 (http)
2019-08-18 14:58:53.986  INFO 3528 --- [main] o.apache.catalina.core.StandardService   : Starting service [Tomcat]
2019-08-18 14:58:53.987  INFO 3528 --- [main] org.apache.catalina.core.StandardEngine  : Starting Servlet engine: [Apache Tomcat/9.0.22]
2019-08-18 14:58:54.065  INFO 3528 --- [main] o.a.c.c.C.[Tomcat].[localhost].[/]       : Initializing Spring embedded WebApplicationContext
2019-08-18 14:58:54.065  INFO 3528 --- [main] o.s.web.context.ContextLoader            : Root WebApplicationContext: initialization completed in 922 ms
2019-08-18 14:58:54.529  INFO 3528 --- [main] o.s.s.concurrent.ThreadPoolTaskExecutor  : Initializing ExecutorService 'applicationTaskExecutor'
2019-08-18 14:58:54.748  INFO 3528 --- [main] o.s.b.w.embedded.tomcat.TomcatWebServer  : Tomcat started on port(s): 9091 (http) with context path ''
2019-08-18 14:58:54.750  INFO 3528 --- [main] com.yuntian.redis.RedisApplication       : Started RedisApplication in 2.133 seconds (JVM running for 2.855)
2019-08-18 15:02:32.752  INFO 13424 --- [main] com.yuntian.redis.RedisApplication       : Starting RedisApplication on USER-20190130ZS with PID 13424 (F:\IT\java\work\middleware\redis\target\classes started by Administrator in F:\IT\java\work\middleware)
2019-08-18 15:02:32.754  INFO 13424 --- [main] com.yuntian.redis.RedisApplication       : The following profiles are active: test
2019-08-18 15:02:33.257  INFO 13424 --- [main] .s.d.r.c.RepositoryConfigurationDelegate : Multiple Spring Data modules found, entering strict repository configuration mode!
2019-08-18 15:02:33.259  INFO 13424 --- [main] .s.d.r.c.RepositoryConfigurationDelegate : Bootstrapping Spring Data repositories in DEFAULT mode.
2019-08-18 15:02:33.282  INFO 13424 --- [main] .s.d.r.c.RepositoryConfigurationDelegate : Finished Spring Data repository scanning in 12ms. Found 0 repository interfaces.
2019-08-18 15:02:33.669  INFO 13424 --- [main] o.s.b.w.embedded.tomcat.TomcatWebServer  : Tomcat initialized with port(s): 9091 (http)
2019-08-18 15:02:33.687  INFO 13424 --- [main] o.apache.catalina.core.StandardService   : Starting service [Tomcat]
2019-08-18 15:02:33.688  INFO 13424 --- [main] org.apache.catalina.core.StandardEngine  : Starting Servlet engine: [Apache Tomcat/9.0.22]
2019-08-18 15:02:33.759  INFO 13424 --- [main] o.a.c.c.C.[Tomcat].[localhost].[/]       : Initializing Spring embedded WebApplicationContext
2019-08-18 15:02:33.760  INFO 13424 --- [main] o.s.web.context.ContextLoader            : Root WebApplicationContext: initialization completed in 967 ms
2019-08-18 15:02:34.224  INFO 13424 --- [main] o.s.s.concurrent.ThreadPoolTaskExecutor  : Initializing ExecutorService 'applicationTaskExecutor'
2019-08-18 15:02:34.430  INFO 13424 --- [main] o.s.b.w.embedded.tomcat.TomcatWebServer  : Tomcat started on port(s): 9091 (http) with context path ''
2019-08-18 15:02:34.434  INFO 13424 --- [main] com.yuntian.redis.RedisApplication       : Started RedisApplication in 2.124 seconds (JVM running for 2.906)
2019-08-18 15:03:03.531  INFO 6092 --- [main] com.yuntian.redis.RedisApplication       : Starting RedisApplication on USER-20190130ZS with PID 6092 (F:\IT\java\work\middleware\redis\target\classes started by Administrator in F:\IT\java\work\middleware)
2019-08-18 15:03:03.535  INFO 6092 --- [main] com.yuntian.redis.RedisApplication       : The following profiles are active: test
2019-08-18 15:03:04.014  INFO 6092 --- [main] .s.d.r.c.RepositoryConfigurationDelegate : Multiple Spring Data modules found, entering strict repository configuration mode!
2019-08-18 15:03:04.016  INFO 6092 --- [main] .s.d.r.c.RepositoryConfigurationDelegate : Bootstrapping Spring Data repositories in DEFAULT mode.
2019-08-18 15:03:04.037  INFO 6092 --- [main] .s.d.r.c.RepositoryConfigurationDelegate : Finished Spring Data repository scanning in 11ms. Found 0 repository interfaces.
2019-08-18 15:03:04.381  INFO 6092 --- [main] o.s.b.w.embedded.tomcat.TomcatWebServer  : Tomcat initialized with port(s): 9091 (http)
2019-08-18 15:03:04.399  INFO 6092 --- [main] o.apache.catalina.core.StandardService   : Starting service [Tomcat]
2019-08-18 15:03:04.399  INFO 6092 --- [main] org.apache.catalina.core.StandardEngine  : Starting Servlet engine: [Apache Tomcat/9.0.22]
2019-08-18 15:03:04.471  INFO 6092 --- [main] o.a.c.c.C.[Tomcat].[localhost].[/]       : Initializing Spring embedded WebApplicationContext
2019-08-18 15:03:04.471  INFO 6092 --- [main] o.s.web.context.ContextLoader            : Root WebApplicationContext: initialization completed in 904 ms
2019-08-18 15:03:04.924  INFO 6092 --- [main] o.s.s.concurrent.ThreadPoolTaskExecutor  : Initializing ExecutorService 'applicationTaskExecutor'
2019-08-18 15:03:05.132  INFO 6092 --- [main] o.s.b.w.embedded.tomcat.TomcatWebServer  : Tomcat started on port(s): 9091 (http) with context path ''
2019-08-18 15:03:05.136  INFO 6092 --- [main] com.yuntian.redis.RedisApplication       : Started RedisApplication in 2.013 seconds (JVM running for 2.763)
2019-08-18 15:08:32.606  INFO 16052 --- [main] com.yuntian.redis.RedisApplication       : Starting RedisApplication on USER-20190130ZS with PID 16052 (F:\IT\java\work\middleware\redis\target\classes started by Administrator in F:\IT\java\work\middleware)
2019-08-18 15:08:32.608  INFO 16052 --- [main] com.yuntian.redis.RedisApplication       : The following profiles are active: test
2019-08-18 15:08:33.146  INFO 16052 --- [main] .s.d.r.c.RepositoryConfigurationDelegate : Multiple Spring Data modules found, entering strict repository configuration mode!
2019-08-18 15:08:33.148  INFO 16052 --- [main] .s.d.r.c.RepositoryConfigurationDelegate : Bootstrapping Spring Data repositories in DEFAULT mode.
2019-08-18 15:08:33.171  INFO 16052 --- [main] .s.d.r.c.RepositoryConfigurationDelegate : Finished Spring Data repository scanning in 12ms. Found 0 repository interfaces.
2019-08-18 15:08:33.542  INFO 16052 --- [main] o.s.b.w.embedded.tomcat.TomcatWebServer  : Tomcat initialized with port(s): 9091 (http)
2019-08-18 15:08:33.560  INFO 16052 --- [main] o.apache.catalina.core.StandardService   : Starting service [Tomcat]
2019-08-18 15:08:33.561  INFO 16052 --- [main] org.apache.catalina.core.StandardEngine  : Starting Servlet engine: [Apache Tomcat/9.0.22]
2019-08-18 15:08:33.645  INFO 16052 --- [main] o.a.c.c.C.[Tomcat].[localhost].[/]       : Initializing Spring embedded WebApplicationContext
2019-08-18 15:08:33.645  INFO 16052 --- [main] o.s.web.context.ContextLoader            : Root WebApplicationContext: initialization completed in 1000 ms
2019-08-18 15:08:34.121  INFO 16052 --- [main] o.s.s.concurrent.ThreadPoolTaskExecutor  : Initializing ExecutorService 'applicationTaskExecutor'
2019-08-18 15:08:34.336  INFO 16052 --- [main] o.s.b.w.embedded.tomcat.TomcatWebServer  : Tomcat started on port(s): 9091 (http) with context path ''
2019-08-18 15:08:34.339  INFO 16052 --- [main] com.yuntian.redis.RedisApplication       : Started RedisApplication in 2.183 seconds (JVM running for 3.04)
